#### 对于已经hash（字段）分表数据量大的查询问题
###### 1.建立主表
```
CREATE TABLE parent (
        id      integer,
        name    text
 )
```
###### 2.插入模拟数据
```
insert into parent (id,name)values(1,'北京')
insert into parent (id,name)values(2,'昌平')
```
###### 3.继承主表，添加check约束
```
CREATE TABLE child2 ( --子表
        //添加check查询
       CHECK ( id BETWEEN 3 AND 10 )
  ) INHERITS (parent);
```
##### 4.添加触发器,实现插入分表
```
//添加触发器,插入主表  插入分表
CREATE OR REPLACE FUNCTION child_trigger()
RETURNS TRIGGER AS $body$
DECLARE
insert_statement text;  --分区写入sql
BEGIN
  IF NEW.id >=3 AND NEW.id <=10 then
    raise notice 'this is raise demo , id is %',NEW.id;
    insert_statement := 'insert into child2 values($1.*)';
    EXECUTE insert_statement USING NEW;
    RETURN NULL;
  END IF;
  RETURN NEW;
END
$body$
LANGUAGE plpgsql;

CREATE TRIGGER child2_insert_trigger
BEFORE INSERT ON parent
FOR EACH ROW EXECUTE PROCEDURE child_trigger();
//测试是否插入分区
insert into parent (id,name)values(3,'插入child2')
select * from only child2；
```
![fbeba0c274b9a4d51d397adfa867243f.png](en-resource://database/4804:0)

##### 5.插入模拟数据
```
insert into parent select generate_series(1,10000000),md5(random()::text);

//查看执行计划
explain analyze select * from parent where id >=3 and id<=4
```
result : 
4;"jx"
3;"插入child2"

执行计划
```
"Append  (cost=0.00..671071.10 rows=11 width=36) (actual time=0.799..17018.619 rows=2 loops=1)"
"  ->  Seq Scan on parent  (cost=0.00..671019.30 rows=1 width=37) (actual time=0.798..17018.563 rows=1 loops=1)"
"        Filter: ((id >= 3) AND (id <= 4))"
"        Rows Removed by Filter: 8999993"
"  ->  Seq Scan on child1  (cost=0.00..22.75 rows=4 width=36) (actual time=0.044..0.044 rows=0 loops=1)"
"        Filter: ((id >= 3) AND (id <= 4))"
"        Rows Removed by Filter: 2"
"  ->  Seq Scan on child2  (cost=0.00..29.05 rows=6 width=36) (actual time=0.006..0.006 rows=1 loops=1)"
"        Filter: ((id >= 3) AND (id <= 4))"
"Planning time: 0.178 ms"
"Execution time: 17018.656 ms"
```


总结：从执行计划看，会从主，分区 表依次检索条件数据，子分区不加check 会导致子分区全表检索，最好主表无数据，无索引，分布在各个分区，否则达不到优化查询的目的
分区继承表 不继承主表主键、索引(10以上版本支持)


